2020-11-12 19:51:05,071 INFO 75141 [Timer] /Users/zhushuhang/workplace/github/eggjs-sample/node_modules/egg-multipart/app/schedule/clean_tmpdir.js next time will execute after 31134931ms at 2020-11-13 04:30:00.002
2020-11-12 19:51:05,071 INFO 75141 [Timer] /Users/zhushuhang/workplace/github/eggjs-sample/node_modules/egg-logrotator/app/schedule/clean_log.js next time will execute after 14934929ms at 2020-11-13 00:00:00.000
2020-11-12 19:51:05,071 INFO 75141 [Timer] /Users/zhushuhang/workplace/github/eggjs-sample/node_modules/egg-logrotator/app/schedule/rotate_by_file.js next time will execute after 14935929ms at 2020-11-13 00:00:01.000
2020-11-12 19:51:04,947 INFO 75142 [egg-schedule]: register schedule /Users/zhushuhang/workplace/github/eggjs-sample/node_modules/egg-multipart/app/schedule/clean_tmpdir.js
2020-11-12 19:51:04,947 INFO 75142 [egg-schedule]: register schedule /Users/zhushuhang/workplace/github/eggjs-sample/node_modules/egg-logrotator/app/schedule/clean_log.js
2020-11-12 19:51:04,948 INFO 75142 [egg-schedule]: register schedule /Users/zhushuhang/workplace/github/eggjs-sample/node_modules/egg-logrotator/app/schedule/rotate_by_file.js
2020-11-12 19:51:48,224 INFO 75171 [egg-schedule]: register schedule /Users/zhushuhang/workplace/github/eggjs-sample/node_modules/egg-multipart/app/schedule/clean_tmpdir.js
2020-11-12 19:51:48,224 INFO 75171 [egg-schedule]: register schedule /Users/zhushuhang/workplace/github/eggjs-sample/node_modules/egg-logrotator/app/schedule/clean_log.js
2020-11-12 19:51:48,224 INFO 75171 [egg-schedule]: register schedule /Users/zhushuhang/workplace/github/eggjs-sample/node_modules/egg-logrotator/app/schedule/rotate_by_file.js
2020-11-12 19:53:44,500 INFO 75361 [egg-schedule]: register schedule /Users/zhushuhang/workplace/github/eggjs-sample/node_modules/egg-multipart/app/schedule/clean_tmpdir.js
2020-11-12 19:53:44,500 INFO 75361 [egg-schedule]: register schedule /Users/zhushuhang/workplace/github/eggjs-sample/node_modules/egg-logrotator/app/schedule/clean_log.js
2020-11-12 19:53:44,500 INFO 75361 [egg-schedule]: register schedule /Users/zhushuhang/workplace/github/eggjs-sample/node_modules/egg-logrotator/app/schedule/rotate_by_file.js
2020-11-12 19:53:48,144 INFO 75367 [egg-schedule]: register schedule /Users/zhushuhang/workplace/github/eggjs-sample/node_modules/egg-multipart/app/schedule/clean_tmpdir.js
2020-11-12 19:53:48,144 INFO 75367 [egg-schedule]: register schedule /Users/zhushuhang/workplace/github/eggjs-sample/node_modules/egg-logrotator/app/schedule/clean_log.js
2020-11-12 19:53:48,144 INFO 75367 [egg-schedule]: register schedule /Users/zhushuhang/workplace/github/eggjs-sample/node_modules/egg-logrotator/app/schedule/rotate_by_file.js
2020-11-12 19:57:35,594 INFO 75457 [egg-schedule]: register schedule /Users/zhushuhang/workplace/github/eggjs-sample/node_modules/egg-multipart/app/schedule/clean_tmpdir.js
2020-11-12 19:57:35,594 INFO 75457 [egg-schedule]: register schedule /Users/zhushuhang/workplace/github/eggjs-sample/node_modules/egg-logrotator/app/schedule/clean_log.js
2020-11-12 19:57:35,594 INFO 75457 [egg-schedule]: register schedule /Users/zhushuhang/workplace/github/eggjs-sample/node_modules/egg-logrotator/app/schedule/rotate_by_file.js
2020-11-12 19:57:38,402 INFO 75459 [egg-schedule]: register schedule /Users/zhushuhang/workplace/github/eggjs-sample/node_modules/egg-multipart/app/schedule/clean_tmpdir.js
2020-11-12 19:57:38,402 INFO 75459 [egg-schedule]: register schedule /Users/zhushuhang/workplace/github/eggjs-sample/node_modules/egg-logrotator/app/schedule/clean_log.js
2020-11-12 19:57:38,402 INFO 75459 [egg-schedule]: register schedule /Users/zhushuhang/workplace/github/eggjs-sample/node_modules/egg-logrotator/app/schedule/rotate_by_file.js
2020-11-12 19:57:41,871 INFO 75461 [egg-schedule]: register schedule /Users/zhushuhang/workplace/github/eggjs-sample/node_modules/egg-multipart/app/schedule/clean_tmpdir.js
2020-11-12 19:57:41,872 INFO 75461 [egg-schedule]: register schedule /Users/zhushuhang/workplace/github/eggjs-sample/node_modules/egg-logrotator/app/schedule/clean_log.js
2020-11-12 19:57:41,872 INFO 75461 [egg-schedule]: register schedule /Users/zhushuhang/workplace/github/eggjs-sample/node_modules/egg-logrotator/app/schedule/rotate_by_file.js
2020-11-12 20:00:26,396 INFO 75587 [egg-schedule]: register schedule /Users/zhushuhang/workplace/github/eggjs-sample/node_modules/egg-multipart/app/schedule/clean_tmpdir.js
2020-11-12 20:00:26,396 INFO 75587 [egg-schedule]: register schedule /Users/zhushuhang/workplace/github/eggjs-sample/node_modules/egg-logrotator/app/schedule/clean_log.js
2020-11-12 20:00:26,396 INFO 75587 [egg-schedule]: register schedule /Users/zhushuhang/workplace/github/eggjs-sample/node_modules/egg-logrotator/app/schedule/rotate_by_file.js
2020-11-12 20:02:35,499 INFO 75636 [egg-schedule]: register schedule /Users/zhushuhang/workplace/github/eggjs-sample/node_modules/egg-multipart/app/schedule/clean_tmpdir.js
2020-11-12 20:02:35,499 INFO 75636 [egg-schedule]: register schedule /Users/zhushuhang/workplace/github/eggjs-sample/node_modules/egg-logrotator/app/schedule/clean_log.js
2020-11-12 20:02:35,499 INFO 75636 [egg-schedule]: register schedule /Users/zhushuhang/workplace/github/eggjs-sample/node_modules/egg-logrotator/app/schedule/rotate_by_file.js
2020-11-12 20:02:37,692 INFO 75638 [egg-schedule]: register schedule /Users/zhushuhang/workplace/github/eggjs-sample/node_modules/egg-multipart/app/schedule/clean_tmpdir.js
2020-11-12 20:02:37,692 INFO 75638 [egg-schedule]: register schedule /Users/zhushuhang/workplace/github/eggjs-sample/node_modules/egg-logrotator/app/schedule/clean_log.js
2020-11-12 20:02:37,692 INFO 75638 [egg-schedule]: register schedule /Users/zhushuhang/workplace/github/eggjs-sample/node_modules/egg-logrotator/app/schedule/rotate_by_file.js
2020-11-12 20:03:40,276 INFO 75660 [egg-schedule]: register schedule /Users/zhushuhang/workplace/github/eggjs-sample/node_modules/egg-multipart/app/schedule/clean_tmpdir.js
2020-11-12 20:03:40,276 INFO 75660 [egg-schedule]: register schedule /Users/zhushuhang/workplace/github/eggjs-sample/node_modules/egg-logrotator/app/schedule/clean_log.js
2020-11-12 20:03:40,276 INFO 75660 [egg-schedule]: register schedule /Users/zhushuhang/workplace/github/eggjs-sample/node_modules/egg-logrotator/app/schedule/rotate_by_file.js
2020-11-12 20:04:42,416 INFO 75683 [egg-schedule]: register schedule /Users/zhushuhang/workplace/github/eggjs-sample/node_modules/egg-multipart/app/schedule/clean_tmpdir.js
2020-11-12 20:04:42,416 INFO 75683 [egg-schedule]: register schedule /Users/zhushuhang/workplace/github/eggjs-sample/node_modules/egg-logrotator/app/schedule/clean_log.js
2020-11-12 20:04:42,416 INFO 75683 [egg-schedule]: register schedule /Users/zhushuhang/workplace/github/eggjs-sample/node_modules/egg-logrotator/app/schedule/rotate_by_file.js
2020-11-12 20:04:54,117 INFO 75688 [egg-schedule]: register schedule /Users/zhushuhang/workplace/github/eggjs-sample/node_modules/egg-multipart/app/schedule/clean_tmpdir.js
2020-11-12 20:04:54,117 INFO 75688 [egg-schedule]: register schedule /Users/zhushuhang/workplace/github/eggjs-sample/node_modules/egg-logrotator/app/schedule/clean_log.js
2020-11-12 20:04:54,117 INFO 75688 [egg-schedule]: register schedule /Users/zhushuhang/workplace/github/eggjs-sample/node_modules/egg-logrotator/app/schedule/rotate_by_file.js
2020-11-12 20:06:08,557 INFO 75715 [egg-schedule]: register schedule /Users/zhushuhang/workplace/github/eggjs-sample/node_modules/egg-multipart/app/schedule/clean_tmpdir.js
2020-11-12 20:06:08,557 INFO 75715 [egg-schedule]: register schedule /Users/zhushuhang/workplace/github/eggjs-sample/node_modules/egg-logrotator/app/schedule/clean_log.js
2020-11-12 20:06:08,557 INFO 75715 [egg-schedule]: register schedule /Users/zhushuhang/workplace/github/eggjs-sample/node_modules/egg-logrotator/app/schedule/rotate_by_file.js
2020-11-12 20:06:17,601 INFO 75719 [egg-schedule]: register schedule /Users/zhushuhang/workplace/github/eggjs-sample/node_modules/egg-multipart/app/schedule/clean_tmpdir.js
2020-11-12 20:06:17,601 INFO 75719 [egg-schedule]: register schedule /Users/zhushuhang/workplace/github/eggjs-sample/node_modules/egg-logrotator/app/schedule/clean_log.js
2020-11-12 20:06:17,601 INFO 75719 [egg-schedule]: register schedule /Users/zhushuhang/workplace/github/eggjs-sample/node_modules/egg-logrotator/app/schedule/rotate_by_file.js
2020-11-12 20:10:24,080 INFO 75811 [egg-schedule]: register schedule /Users/zhushuhang/workplace/github/eggjs-sample/node_modules/egg-multipart/app/schedule/clean_tmpdir.js
2020-11-12 20:10:24,080 INFO 75811 [egg-schedule]: register schedule /Users/zhushuhang/workplace/github/eggjs-sample/node_modules/egg-logrotator/app/schedule/clean_log.js
2020-11-12 20:10:24,080 INFO 75811 [egg-schedule]: register schedule /Users/zhushuhang/workplace/github/eggjs-sample/node_modules/egg-logrotator/app/schedule/rotate_by_file.js
2020-11-12 20:10:28,267 INFO 75814 [egg-schedule]: register schedule /Users/zhushuhang/workplace/github/eggjs-sample/node_modules/egg-multipart/app/schedule/clean_tmpdir.js
2020-11-12 20:10:28,267 INFO 75814 [egg-schedule]: register schedule /Users/zhushuhang/workplace/github/eggjs-sample/node_modules/egg-logrotator/app/schedule/clean_log.js
2020-11-12 20:10:28,267 INFO 75814 [egg-schedule]: register schedule /Users/zhushuhang/workplace/github/eggjs-sample/node_modules/egg-logrotator/app/schedule/rotate_by_file.js
2020-11-12 20:11:28,476 INFO 75836 [egg-schedule]: register schedule /Users/zhushuhang/workplace/github/eggjs-sample/node_modules/egg-multipart/app/schedule/clean_tmpdir.js
2020-11-12 20:11:28,476 INFO 75836 [egg-schedule]: register schedule /Users/zhushuhang/workplace/github/eggjs-sample/node_modules/egg-logrotator/app/schedule/clean_log.js
2020-11-12 20:11:28,476 INFO 75836 [egg-schedule]: register schedule /Users/zhushuhang/workplace/github/eggjs-sample/node_modules/egg-logrotator/app/schedule/rotate_by_file.js
2020-11-12 20:13:08,197 INFO 75874 [egg-schedule]: register schedule /Users/zhushuhang/workplace/github/eggjs-sample/node_modules/egg-multipart/app/schedule/clean_tmpdir.js
2020-11-12 20:13:08,197 INFO 75874 [egg-schedule]: register schedule /Users/zhushuhang/workplace/github/eggjs-sample/node_modules/egg-logrotator/app/schedule/clean_log.js
2020-11-12 20:13:08,197 INFO 75874 [egg-schedule]: register schedule /Users/zhushuhang/workplace/github/eggjs-sample/node_modules/egg-logrotator/app/schedule/rotate_by_file.js
2020-11-12 20:13:42,558 INFO 75891 [egg-schedule]: register schedule /Users/zhushuhang/workplace/github/eggjs-sample/node_modules/egg-multipart/app/schedule/clean_tmpdir.js
2020-11-12 20:13:42,558 INFO 75891 [egg-schedule]: register schedule /Users/zhushuhang/workplace/github/eggjs-sample/node_modules/egg-logrotator/app/schedule/clean_log.js
2020-11-12 20:13:42,558 INFO 75891 [egg-schedule]: register schedule /Users/zhushuhang/workplace/github/eggjs-sample/node_modules/egg-logrotator/app/schedule/rotate_by_file.js
2020-11-12 20:14:27,563 INFO 75909 [egg-schedule]: register schedule /Users/zhushuhang/workplace/github/eggjs-sample/node_modules/egg-multipart/app/schedule/clean_tmpdir.js
2020-11-12 20:14:27,563 INFO 75909 [egg-schedule]: register schedule /Users/zhushuhang/workplace/github/eggjs-sample/node_modules/egg-logrotator/app/schedule/clean_log.js
2020-11-12 20:14:27,563 INFO 75909 [egg-schedule]: register schedule /Users/zhushuhang/workplace/github/eggjs-sample/node_modules/egg-logrotator/app/schedule/rotate_by_file.js
2020-11-12 20:14:47,828 INFO 75919 [egg-schedule]: register schedule /Users/zhushuhang/workplace/github/eggjs-sample/node_modules/egg-multipart/app/schedule/clean_tmpdir.js
2020-11-12 20:14:47,828 INFO 75919 [egg-schedule]: register schedule /Users/zhushuhang/workplace/github/eggjs-sample/node_modules/egg-logrotator/app/schedule/clean_log.js
2020-11-12 20:14:47,828 INFO 75919 [egg-schedule]: register schedule /Users/zhushuhang/workplace/github/eggjs-sample/node_modules/egg-logrotator/app/schedule/rotate_by_file.js
2020-11-12 20:15:14,534 INFO 75929 [egg-schedule]: register schedule /Users/zhushuhang/workplace/github/eggjs-sample/node_modules/egg-multipart/app/schedule/clean_tmpdir.js
2020-11-12 20:15:14,534 INFO 75929 [egg-schedule]: register schedule /Users/zhushuhang/workplace/github/eggjs-sample/node_modules/egg-logrotator/app/schedule/clean_log.js
2020-11-12 20:15:14,534 INFO 75929 [egg-schedule]: register schedule /Users/zhushuhang/workplace/github/eggjs-sample/node_modules/egg-logrotator/app/schedule/rotate_by_file.js
2020-11-12 20:19:37,597 INFO 76027 [egg-schedule]: register schedule /Users/zhushuhang/workplace/github/eggjs-sample/node_modules/egg-multipart/app/schedule/clean_tmpdir.js
2020-11-12 20:19:37,597 INFO 76027 [egg-schedule]: register schedule /Users/zhushuhang/workplace/github/eggjs-sample/node_modules/egg-logrotator/app/schedule/clean_log.js
2020-11-12 20:19:37,597 INFO 76027 [egg-schedule]: register schedule /Users/zhushuhang/workplace/github/eggjs-sample/node_modules/egg-logrotator/app/schedule/rotate_by_file.js
2020-11-12 20:20:24,313 INFO 76051 [egg-schedule]: register schedule /Users/zhushuhang/workplace/github/eggjs-sample/node_modules/egg-multipart/app/schedule/clean_tmpdir.js
2020-11-12 20:20:24,313 INFO 76051 [egg-schedule]: register schedule /Users/zhushuhang/workplace/github/eggjs-sample/node_modules/egg-logrotator/app/schedule/clean_log.js
2020-11-12 20:20:24,313 INFO 76051 [egg-schedule]: register schedule /Users/zhushuhang/workplace/github/eggjs-sample/node_modules/egg-logrotator/app/schedule/rotate_by_file.js
2020-11-12 20:21:05,064 INFO 76065 [egg-schedule]: register schedule /Users/zhushuhang/workplace/github/eggjs-sample/node_modules/egg-multipart/app/schedule/clean_tmpdir.js
2020-11-12 20:21:05,064 INFO 76065 [egg-schedule]: register schedule /Users/zhushuhang/workplace/github/eggjs-sample/node_modules/egg-logrotator/app/schedule/clean_log.js
2020-11-12 20:21:05,064 INFO 76065 [egg-schedule]: register schedule /Users/zhushuhang/workplace/github/eggjs-sample/node_modules/egg-logrotator/app/schedule/rotate_by_file.js
2020-11-12 20:22:10,596 INFO 76094 [egg-schedule]: register schedule /Users/zhushuhang/workplace/github/eggjs-sample/node_modules/egg-multipart/app/schedule/clean_tmpdir.js
2020-11-12 20:22:10,596 INFO 76094 [egg-schedule]: register schedule /Users/zhushuhang/workplace/github/eggjs-sample/node_modules/egg-logrotator/app/schedule/clean_log.js
2020-11-12 20:22:10,596 INFO 76094 [egg-schedule]: register schedule /Users/zhushuhang/workplace/github/eggjs-sample/node_modules/egg-logrotator/app/schedule/rotate_by_file.js
2020-11-12 20:22:14,387 INFO 76097 [egg-schedule]: register schedule /Users/zhushuhang/workplace/github/eggjs-sample/node_modules/egg-multipart/app/schedule/clean_tmpdir.js
2020-11-12 20:22:14,387 INFO 76097 [egg-schedule]: register schedule /Users/zhushuhang/workplace/github/eggjs-sample/node_modules/egg-logrotator/app/schedule/clean_log.js
2020-11-12 20:22:14,387 INFO 76097 [egg-schedule]: register schedule /Users/zhushuhang/workplace/github/eggjs-sample/node_modules/egg-logrotator/app/schedule/rotate_by_file.js
2020-11-12 20:38:45,337 INFO 76582 [Timer] /Users/zhushuhang/workplace/github/eggjs-sample/node_modules/egg-multipart/app/schedule/clean_tmpdir.js next time will execute after 28274667ms at 2020-11-13 04:30:00.004
2020-11-12 20:38:45,337 INFO 76582 [Timer] /Users/zhushuhang/workplace/github/eggjs-sample/node_modules/egg-logrotator/app/schedule/clean_log.js next time will execute after 12074663ms at 2020-11-13 00:00:00.000
2020-11-12 20:38:45,338 INFO 76582 [Timer] /Users/zhushuhang/workplace/github/eggjs-sample/node_modules/egg-logrotator/app/schedule/rotate_by_file.js next time will execute after 12075663ms at 2020-11-13 00:00:01.001
2020-11-12 20:38:45,191 INFO 76583 [egg-schedule]: register schedule /Users/zhushuhang/workplace/github/eggjs-sample/node_modules/egg-multipart/app/schedule/clean_tmpdir.js
2020-11-12 20:38:45,191 INFO 76583 [egg-schedule]: register schedule /Users/zhushuhang/workplace/github/eggjs-sample/node_modules/egg-logrotator/app/schedule/clean_log.js
2020-11-12 20:38:45,191 INFO 76583 [egg-schedule]: register schedule /Users/zhushuhang/workplace/github/eggjs-sample/node_modules/egg-logrotator/app/schedule/rotate_by_file.js
2020-11-12 20:39:56,932 INFO 76618 [egg-schedule]: register schedule /Users/zhushuhang/workplace/github/eggjs-sample/node_modules/egg-multipart/app/schedule/clean_tmpdir.js
2020-11-12 20:39:56,932 INFO 76618 [egg-schedule]: register schedule /Users/zhushuhang/workplace/github/eggjs-sample/node_modules/egg-logrotator/app/schedule/clean_log.js
2020-11-12 20:39:56,932 INFO 76618 [egg-schedule]: register schedule /Users/zhushuhang/workplace/github/eggjs-sample/node_modules/egg-logrotator/app/schedule/rotate_by_file.js
2020-11-12 20:39:59,688 INFO 76621 [egg-schedule]: register schedule /Users/zhushuhang/workplace/github/eggjs-sample/node_modules/egg-multipart/app/schedule/clean_tmpdir.js
2020-11-12 20:39:59,688 INFO 76621 [egg-schedule]: register schedule /Users/zhushuhang/workplace/github/eggjs-sample/node_modules/egg-logrotator/app/schedule/clean_log.js
2020-11-12 20:39:59,688 INFO 76621 [egg-schedule]: register schedule /Users/zhushuhang/workplace/github/eggjs-sample/node_modules/egg-logrotator/app/schedule/rotate_by_file.js
2020-11-12 20:40:02,131 INFO 76625 [egg-schedule]: register schedule /Users/zhushuhang/workplace/github/eggjs-sample/node_modules/egg-multipart/app/schedule/clean_tmpdir.js
2020-11-12 20:40:02,131 INFO 76625 [egg-schedule]: register schedule /Users/zhushuhang/workplace/github/eggjs-sample/node_modules/egg-logrotator/app/schedule/clean_log.js
2020-11-12 20:40:02,131 INFO 76625 [egg-schedule]: register schedule /Users/zhushuhang/workplace/github/eggjs-sample/node_modules/egg-logrotator/app/schedule/rotate_by_file.js
2020-11-12 20:40:14,928 INFO 76632 [egg-schedule]: register schedule /Users/zhushuhang/workplace/github/eggjs-sample/node_modules/egg-multipart/app/schedule/clean_tmpdir.js
2020-11-12 20:40:14,928 INFO 76632 [egg-schedule]: register schedule /Users/zhushuhang/workplace/github/eggjs-sample/node_modules/egg-logrotator/app/schedule/clean_log.js
2020-11-12 20:40:14,928 INFO 76632 [egg-schedule]: register schedule /Users/zhushuhang/workplace/github/eggjs-sample/node_modules/egg-logrotator/app/schedule/rotate_by_file.js
2020-11-12 20:41:15,460 INFO 76654 [egg-schedule]: register schedule /Users/zhushuhang/workplace/github/eggjs-sample/node_modules/egg-multipart/app/schedule/clean_tmpdir.js
2020-11-12 20:41:15,460 INFO 76654 [egg-schedule]: register schedule /Users/zhushuhang/workplace/github/eggjs-sample/node_modules/egg-logrotator/app/schedule/clean_log.js
2020-11-12 20:41:15,460 INFO 76654 [egg-schedule]: register schedule /Users/zhushuhang/workplace/github/eggjs-sample/node_modules/egg-logrotator/app/schedule/rotate_by_file.js
2020-11-12 20:44:38,944 INFO 76734 [egg-schedule]: register schedule /Users/zhushuhang/workplace/github/eggjs-sample/node_modules/egg-multipart/app/schedule/clean_tmpdir.js
2020-11-12 20:44:38,944 INFO 76734 [egg-schedule]: register schedule /Users/zhushuhang/workplace/github/eggjs-sample/node_modules/egg-logrotator/app/schedule/clean_log.js
2020-11-12 20:44:38,944 INFO 76734 [egg-schedule]: register schedule /Users/zhushuhang/workplace/github/eggjs-sample/node_modules/egg-logrotator/app/schedule/rotate_by_file.js
2020-11-12 20:44:40,390 INFO 76736 [egg-schedule]: register schedule /Users/zhushuhang/workplace/github/eggjs-sample/node_modules/egg-multipart/app/schedule/clean_tmpdir.js
2020-11-12 20:44:40,390 INFO 76736 [egg-schedule]: register schedule /Users/zhushuhang/workplace/github/eggjs-sample/node_modules/egg-logrotator/app/schedule/clean_log.js
2020-11-12 20:44:40,390 INFO 76736 [egg-schedule]: register schedule /Users/zhushuhang/workplace/github/eggjs-sample/node_modules/egg-logrotator/app/schedule/rotate_by_file.js
2020-11-12 20:44:47,406 INFO 76739 [egg-schedule]: register schedule /Users/zhushuhang/workplace/github/eggjs-sample/node_modules/egg-multipart/app/schedule/clean_tmpdir.js
2020-11-12 20:44:47,406 INFO 76739 [egg-schedule]: register schedule /Users/zhushuhang/workplace/github/eggjs-sample/node_modules/egg-logrotator/app/schedule/clean_log.js
2020-11-12 20:44:47,406 INFO 76739 [egg-schedule]: register schedule /Users/zhushuhang/workplace/github/eggjs-sample/node_modules/egg-logrotator/app/schedule/rotate_by_file.js
2020-11-12 20:45:13,281 INFO 76750 [egg-schedule]: register schedule /Users/zhushuhang/workplace/github/eggjs-sample/node_modules/egg-multipart/app/schedule/clean_tmpdir.js
2020-11-12 20:45:13,281 INFO 76750 [egg-schedule]: register schedule /Users/zhushuhang/workplace/github/eggjs-sample/node_modules/egg-logrotator/app/schedule/clean_log.js
2020-11-12 20:45:13,281 INFO 76750 [egg-schedule]: register schedule /Users/zhushuhang/workplace/github/eggjs-sample/node_modules/egg-logrotator/app/schedule/rotate_by_file.js
2020-11-12 20:46:07,934 INFO 76771 [egg-schedule]: register schedule /Users/zhushuhang/workplace/github/eggjs-sample/node_modules/egg-multipart/app/schedule/clean_tmpdir.js
2020-11-12 20:46:07,934 INFO 76771 [egg-schedule]: register schedule /Users/zhushuhang/workplace/github/eggjs-sample/node_modules/egg-logrotator/app/schedule/clean_log.js
2020-11-12 20:46:07,934 INFO 76771 [egg-schedule]: register schedule /Users/zhushuhang/workplace/github/eggjs-sample/node_modules/egg-logrotator/app/schedule/rotate_by_file.js
2020-11-13 09:46:33,702 INFO 80250 [egg-schedule]: register schedule /Users/zhushuhang/workplace/github/eggjs-sample/node_modules/egg-multipart/app/schedule/clean_tmpdir.js
2020-11-13 09:46:33,702 INFO 80250 [egg-schedule]: register schedule /Users/zhushuhang/workplace/github/eggjs-sample/node_modules/egg-logrotator/app/schedule/clean_log.js
2020-11-13 09:46:33,702 INFO 80250 [egg-schedule]: register schedule /Users/zhushuhang/workplace/github/eggjs-sample/node_modules/egg-logrotator/app/schedule/rotate_by_file.js
2020-11-13 09:48:47,862 INFO 80524 [Timer] /Users/zhushuhang/workplace/github/Exps/eggjs-sample/node_modules/egg-multipart/app/schedule/clean_tmpdir.js next time will execute after 67272140ms at 2020-11-14 04:30:00.002
2020-11-13 09:48:47,862 INFO 80524 [Timer] /Users/zhushuhang/workplace/github/Exps/eggjs-sample/node_modules/egg-logrotator/app/schedule/clean_log.js next time will execute after 51072138ms at 2020-11-14 00:00:00.000
2020-11-13 09:48:47,863 INFO 80524 [Timer] /Users/zhushuhang/workplace/github/Exps/eggjs-sample/node_modules/egg-logrotator/app/schedule/rotate_by_file.js next time will execute after 51073138ms at 2020-11-14 00:00:01.001
2020-11-13 09:48:47,783 INFO 80528 [egg-schedule]: register schedule /Users/zhushuhang/workplace/github/Exps/eggjs-sample/node_modules/egg-multipart/app/schedule/clean_tmpdir.js
2020-11-13 09:48:47,783 INFO 80528 [egg-schedule]: register schedule /Users/zhushuhang/workplace/github/Exps/eggjs-sample/node_modules/egg-logrotator/app/schedule/clean_log.js
2020-11-13 09:48:47,783 INFO 80528 [egg-schedule]: register schedule /Users/zhushuhang/workplace/github/Exps/eggjs-sample/node_modules/egg-logrotator/app/schedule/rotate_by_file.js
